1487494851622	geckodriver	INFO	Listening on 127.0.0.1:40120
1487494852594	mozprofile::profile	INFO	Using profile path /tmp/rust_mozprofile.FV2W2EeUZPS3
1487494852596	geckodriver::marionette	INFO	Starting browser /usr/bin/firefox
1487494852608	geckodriver::marionette	INFO	Connecting to Marionette on localhost:46800
1487494854036	addons.manager	DEBUG	Application has been upgraded
1487494854115	addons.manager	DEBUG	Loaded provider scope for resource://gre/modules/addons/XPIProvider.jsm: ["XPIProvider"]
1487494854117	addons.manager	DEBUG	Loaded provider scope for resource://gre/modules/LightweightThemeManager.jsm: ["LightweightThemeManager"]
1487494854121	addons.manager	DEBUG	Loaded provider scope for resource://gre/modules/addons/GMPProvider.jsm
1487494854122	addons.manager	DEBUG	Loaded provider scope for resource://gre/modules/addons/PluginProvider.jsm
1487494854123	addons.manager	DEBUG	Starting provider: XPIProvider
1487494854123	addons.xpi	DEBUG	startup
1487494854124	addons.xpi	INFO	SystemAddonInstallLocation directory is missing
1487494854131	addons.xpi	INFO	Mapping e10srollout@mozilla.org to /opt/firefox/browser/features/e10srollout@mozilla.org.xpi
1487494854131	addons.xpi	INFO	Mapping firefox@getpocket.com to /opt/firefox/browser/features/firefox@getpocket.com.xpi
1487494854132	addons.xpi	INFO	Mapping loop@mozilla.org to /opt/firefox/browser/features/loop@mozilla.org.xpi
1487494854135	addons.xpi	INFO	Mapping {972ce4c6-7e08-4474-a285-3208198ce6fd} to /opt/firefox/browser/extensions/{972ce4c6-7e08-4474-a285-3208198ce6fd}.xpi
1487494854136	addons.xpi	DEBUG	checkForChanges
1487494854136	addons.xpi	DEBUG	Loaded add-on state from prefs: {}
1487494854138	addons.xpi	DEBUG	New add-on e10srollout@mozilla.org in app-system-defaults
1487494854138	addons.xpi	DEBUG	getModTime: Recursive scan of e10srollout@mozilla.org
1487494854139	addons.xpi	DEBUG	New add-on firefox@getpocket.com in app-system-defaults
1487494854139	addons.xpi	DEBUG	getModTime: Recursive scan of firefox@getpocket.com
1487494854140	addons.xpi	DEBUG	New add-on loop@mozilla.org in app-system-defaults
1487494854140	addons.xpi	DEBUG	getModTime: Recursive scan of loop@mozilla.org
1487494854141	addons.xpi	DEBUG	New add-on {972ce4c6-7e08-4474-a285-3208198ce6fd} in app-global
1487494854141	addons.xpi	DEBUG	getModTime: Recursive scan of {972ce4c6-7e08-4474-a285-3208198ce6fd}
1487494854141	addons.xpi	DEBUG	getInstallState changed: true, state: {"app-system-defaults":{"e10srollout@mozilla.org":{"d":"/opt/firefox/browser/features/e10srollout@mozilla.org.xpi","st":1466731683000},"firefox@getpocket.com":{"d":"/opt/firefox/browser/features/firefox@getpocket.com.xpi","st":1466731683000},"loop@mozilla.org":{"d":"/opt/firefox/browser/features/loop@mozilla.org.xpi","st":1466731683000}},"app-global":{"{972ce4c6-7e08-4474-a285-3208198ce6fd}":{"d":"/opt/firefox/browser/extensions/{972ce4c6-7e08-4474-a285-3208198ce6fd}.xpi","st":1466731683000}}}
1487494854148	addons.xpi-utils	DEBUG	Opening XPI database /tmp/rust_mozprofile.FV2W2EeUZPS3/extensions.json
1487494854149	addons.xpi-utils	DEBUG	New add-on e10srollout@mozilla.org installed in app-system-defaults
*** Blocklist::_loadBlocklistFromFile: blocklist is disabled
1487494854184	DeferredSave.extensions.json	DEBUG	Save changes
1487494854184	addons.xpi-utils	DEBUG	New add-on firefox@getpocket.com installed in app-system-defaults
1487494854192	DeferredSave.extensions.json	DEBUG	Starting timer
1487494854193	DeferredSave.extensions.json	DEBUG	Save changes
1487494854193	addons.xpi-utils	DEBUG	New add-on loop@mozilla.org installed in app-system-defaults
1487494854205	DeferredSave.extensions.json	DEBUG	Save changes
1487494854205	addons.xpi-utils	DEBUG	New add-on {972ce4c6-7e08-4474-a285-3208198ce6fd} installed in app-global
1487494854224	DeferredSave.extensions.json	DEBUG	Save changes
1487494854224	addons.xpi-utils	INFO	Hiding the updated system add-ons.
1487494854231	addons.xpi	DEBUG	Loading bootstrap scope from /opt/firefox/browser/features/e10srollout@mozilla.org.xpi
1487494854249	addons.xpi	DEBUG	Calling bootstrap method install on e10srollout@mozilla.org version 1.0
1487494854249	addons.xpi-utils	DEBUG	Make addon app-system-defaults:e10srollout@mozilla.org visible
1487494854249	DeferredSave.extensions.json	DEBUG	Save changes
1487494854250	addons.xpi	DEBUG	Loading bootstrap scope from /opt/firefox/browser/features/firefox@getpocket.com.xpi
1487494854252	addons.xpi	DEBUG	Calling bootstrap method install on firefox@getpocket.com version 1.0.2
1487494854252	addons.xpi-utils	DEBUG	Make addon app-system-defaults:firefox@getpocket.com visible
1487494854252	DeferredSave.extensions.json	DEBUG	Save changes
1487494854253	addons.xpi	DEBUG	Loading bootstrap scope from /opt/firefox/browser/features/loop@mozilla.org.xpi
1487494854257	addons.xpi	DEBUG	Calling bootstrap method install on loop@mozilla.org version 1.3.2
1487494854257	addons.xpi-utils	DEBUG	Make addon app-system-defaults:loop@mozilla.org visible
1487494854257	DeferredSave.extensions.json	DEBUG	Save changes
1487494854257	addons.xpi-utils	DEBUG	Make addon app-global:{972ce4c6-7e08-4474-a285-3208198ce6fd} visible
1487494854257	DeferredSave.extensions.json	DEBUG	Save changes
1487494854258	addons.xpi	DEBUG	Updating XPIState for {"id":"e10srollout@mozilla.org","syncGUID":"Zq4pwTjcq1va","location":"app-system-defaults","version":"1.0","type":"extension","internalName":null,"updateURL":null,"updateKey":null,"optionsURL":null,"optionsType":null,"aboutURL":null,"icons":{},"iconURL":null,"icon64URL":null,"defaultLocale":{"name":"Multi-process staged rollout","description":"Staged rollout of Firefox multi-process feature.","creator":null,"homepageURL":null},"visible":true,"active":true,"userDisabled":false,"appDisabled":false,"descriptor":"/opt/firefox/browser/features/e10srollout@mozilla.org.xpi","installDate":1466731683000,"updateDate":1466731683000,"applyBackgroundUpdates":1,"bootstrap":true,"skinnable":false,"size":4584,"sourceURI":null,"releaseNotesURI":null,"softDisabled":false,"foreignInstall":false,"hasBinaryComponents":false,"strictCompatibility":false,"locales":[],"targetApplications":[{"id":"{ec8030f7-c20a-464f-9b0e-13a3a9e97384}","minVersion":"47.0.1","maxVersion":"47.0.1"}],"targetPlatforms":[],"multiprocessCompatible":false,"seen":true}
1487494854258	addons.xpi	DEBUG	getModTime: Recursive scan of e10srollout@mozilla.org
1487494854258	addons.xpi	DEBUG	Updating XPIState for {"id":"firefox@getpocket.com","syncGUID":"qRZfGEaGHO_Y","location":"app-system-defaults","version":"1.0.2","type":"extension","internalName":null,"updateURL":null,"updateKey":null,"optionsURL":null,"optionsType":null,"aboutURL":null,"icons":{},"iconURL":null,"icon64URL":null,"defaultLocale":{"name":"Pocket","description":"When you find something you want to view later, put it in Pocket.","creator":null,"homepageURL":null},"visible":true,"active":true,"userDisabled":false,"appDisabled":false,"descriptor":"/opt/firefox/browser/features/firefox@getpocket.com.xpi","installDate":1466731683000,"updateDate":1466731683000,"applyBackgroundUpdates":1,"bootstrap":true,"skinnable":false,"size":894477,"sourceURI":null,"releaseNotesURI":null,"softDisabled":false,"foreignInstall":false,"hasBinaryComponents":false,"strictCompatibility":false,"locales":[],"targetApplications":[{"id":"{ec8030f7-c20a-464f-9b0e-13a3a9e97384}","minVersion":"47.0.1","maxVersion":"47.0.1"}],"targetPlatforms":[],"multiprocessCompatible":false,"seen":true}
1487494854258	addons.xpi	DEBUG	getModTime: Recursive scan of firefox@getpocket.com
1487494854258	addons.xpi	DEBUG	Updating XPIState for {"id":"loop@mozilla.org","syncGUID":"3gV7jRPSk1UU","location":"app-system-defaults","version":"1.3.2","type":"extension","internalName":null,"updateURL":null,"updateKey":null,"optionsURL":null,"optionsType":null,"aboutURL":null,"icons":{},"iconURL":null,"icon64URL":null,"defaultLocale":{"name":"Firefox Hello","description":"Web sharing for Firefox","creator":"Mozilla","homepageURL":null},"visible":true,"active":true,"userDisabled":false,"appDisabled":false,"descriptor":"/opt/firefox/browser/features/loop@mozilla.org.xpi","installDate":1466731683000,"updateDate":1466731683000,"applyBackgroundUpdates":1,"bootstrap":true,"skinnable":false,"size":4239140,"sourceURI":null,"releaseNotesURI":null,"softDisabled":false,"foreignInstall":false,"hasBinaryComponents":false,"strictCompatibility":false,"locales":[],"targetApplications":[{"id":"{ec8030f7-c20a-464f-9b0e-13a3a9e97384}","minVersion":"46.0a1","maxVersion":"47.*"},{"id":"xpcshell@tests.mozilla.org","minVersion":"0","maxVersion":"10"}],"targetPlatforms":[],"multiprocessCompatible":false,"seen":true}
1487494854259	addons.xpi	DEBUG	getModTime: Recursive scan of loop@mozilla.org
1487494854259	addons.xpi	DEBUG	Updating XPIState for {"id":"{972ce4c6-7e08-4474-a285-3208198ce6fd}","syncGUID":"027mqHHGcMfz","location":"app-global","version":"47.0.1","type":"theme","internalName":"classic/1.0","updateURL":null,"updateKey":null,"optionsURL":null,"optionsType":null,"aboutURL":null,"icons":{"32":"icon.png","48":"icon.png"},"iconURL":null,"icon64URL":null,"defaultLocale":{"name":"Default","description":"The default theme.","creator":"Mozilla","homepageURL":null,"contributors":["Mozilla Contributors"]},"visible":true,"active":true,"userDisabled":false,"appDisabled":false,"descriptor":"/opt/firefox/browser/extensions/{972ce4c6-7e08-4474-a285-3208198ce6fd}.xpi","installDate":1466731683000,"updateDate":1466731683000,"applyBackgroundUpdates":1,"skinnable":true,"size":5028,"sourceURI":null,"releaseNotesURI":null,"softDisabled":false,"foreignInstall":false,"hasBinaryComponents":false,"strictCompatibility":true,"locales":[],"targetApplications":[{"id":"{ec8030f7-c20a-464f-9b0e-13a3a9e97384}","minVersion":"47.0.1","maxVersion":"47.0.1"}],"targetPlatforms":[],"seen":true}
1487494854259	addons.xpi	DEBUG	getModTime: Recursive scan of {972ce4c6-7e08-4474-a285-3208198ce6fd}
1487494854260	DeferredSave.extensions.json	DEBUG	Save changes
1487494854260	addons.xpi	DEBUG	Updating database with changes to installed add-ons
1487494854260	addons.xpi-utils	DEBUG	Updating add-on states
1487494854260	addons.xpi-utils	DEBUG	Writing add-ons list
1487494854261	addons.xpi	DEBUG	Registering manifest for /opt/firefox/browser/features/e10srollout@mozilla.org.xpi
1487494854261	addons.xpi	DEBUG	Calling bootstrap method startup on e10srollout@mozilla.org version 1.0
1487494854261	addons.xpi	DEBUG	Registering manifest for /opt/firefox/browser/features/firefox@getpocket.com.xpi
1487494854262	addons.xpi	DEBUG	Calling bootstrap method startup on firefox@getpocket.com version 1.0.2
1487494854262	addons.xpi	DEBUG	Registering manifest for /opt/firefox/browser/features/loop@mozilla.org.xpi
1487494854263	addons.xpi	DEBUG	Calling bootstrap method startup on loop@mozilla.org version 1.3.2
1487494854319	addons.manager	DEBUG	Registering shutdown blocker for XPIProvider
1487494854319	addons.manager	DEBUG	Provider finished startup: XPIProvider
1487494854320	addons.manager	DEBUG	Starting provider: LightweightThemeManager
1487494854320	addons.manager	DEBUG	Registering shutdown blocker for LightweightThemeManager
1487494854320	addons.manager	DEBUG	Provider finished startup: LightweightThemeManager
1487494854320	addons.manager	DEBUG	Starting provider: GMPProvider
1487494854339	addons.manager	DEBUG	Registering shutdown blocker for GMPProvider
1487494854339	addons.manager	DEBUG	Provider finished startup: GMPProvider
1487494854340	addons.manager	DEBUG	Starting provider: PluginProvider
1487494854340	addons.manager	DEBUG	Registering shutdown blocker for PluginProvider
1487494854340	addons.manager	DEBUG	Provider finished startup: PluginProvider
1487494854341	addons.manager	DEBUG	Completed startup sequence
1487494854753	Marionette	INFO	Listening on port 46800
1487494855303	addons.manager	DEBUG	Starting provider: <unnamed-provider>
1487494855303	addons.manager	DEBUG	Registering shutdown blocker for <unnamed-provider>
1487494855303	addons.manager	DEBUG	Provider finished startup: <unnamed-provider>
1487494855322	addons.manager	DEBUG	Starting provider: PreviousExperimentProvider
1487494855323	addons.manager	DEBUG	Registering shutdown blocker for PreviousExperimentProvider
1487494855323	addons.manager	DEBUG	Provider finished startup: PreviousExperimentProvider
1487494855324	DeferredSave.extensions.json	DEBUG	Starting write
1487494855578	DeferredSave.extensions.json	DEBUG	Write succeeded
1487494855579	addons.xpi-utils	DEBUG	XPI Database saved, setting schema version preference to 17
1487494916571	addons.productaddons	INFO	sending request to: https://aus5.mozilla.org/update/3/GMP/47.0.1/20160623154057/Linux_x86_64-gcc3/en-US/release/Linux%204.4.0-62-generic%20(GTK%203.18.9%2Clibpulse%208.0.0)/default/default/update.xml
1487494917097	addons.productaddons	INFO	Completed downloading document
1487495454558	addons.manager	INFO	Skipping background update check
1487495694570	DeferredSave.extensions.json	DEBUG	Save changes
1487495694571	DeferredSave.extensions.json	DEBUG	Starting timer
1487495694594	DeferredSave.extensions.json	DEBUG	Starting write
1487495694599	DeferredSave.extensions.json	DEBUG	Write succeeded
1487581854708	addons.manager	INFO	Skipping background update check
1487582094717	DeferredSave.extensions.json	DEBUG	Save changes
1487582094718	DeferredSave.extensions.json	DEBUG	Starting timer
1487582094739	DeferredSave.extensions.json	DEBUG	Starting write
1487582094743	DeferredSave.extensions.json	DEBUG	Write succeeded
1487668254878	addons.manager	INFO	Skipping background update check
1487668494887	DeferredSave.extensions.json	DEBUG	Save changes
1487668494888	DeferredSave.extensions.json	DEBUG	Starting timer
1487668494910	DeferredSave.extensions.json	DEBUG	Starting write
1487668494914	DeferredSave.extensions.json	DEBUG	Write succeeded
1487754655056	addons.manager	INFO	Skipping background update check
1487754895068	DeferredSave.extensions.json	DEBUG	Save changes
1487754895069	DeferredSave.extensions.json	DEBUG	Starting timer
1487754895092	DeferredSave.extensions.json	DEBUG	Starting write
1487754895097	DeferredSave.extensions.json	DEBUG	Write succeeded
1487841055226	addons.manager	INFO	Skipping background update check
1487841295237	DeferredSave.extensions.json	DEBUG	Save changes
1487841295238	DeferredSave.extensions.json	DEBUG	Starting timer
1487841295261	DeferredSave.extensions.json	DEBUG	Starting write
1487841295267	DeferredSave.extensions.json	DEBUG	Write succeeded
1487927455433	addons.manager	INFO	Skipping background update check
1487927695448	DeferredSave.extensions.json	DEBUG	Save changes
1487927695449	DeferredSave.extensions.json	DEBUG	Starting timer
1487927695474	DeferredSave.extensions.json	DEBUG	Starting write
1487927695484	DeferredSave.extensions.json	DEBUG	Write succeeded
1488013855669	addons.manager	INFO	Skipping background update check
1488014095685	DeferredSave.extensions.json	DEBUG	Save changes
1488014095685	DeferredSave.extensions.json	DEBUG	Starting timer
1488014095713	DeferredSave.extensions.json	DEBUG	Starting write
1488014095727	DeferredSave.extensions.json	DEBUG	Write succeeded
1488100255977	addons.manager	INFO	Skipping background update check
1488100495998	DeferredSave.extensions.json	DEBUG	Save changes
1488100495998	DeferredSave.extensions.json	DEBUG	Starting timer
1488100496030	DeferredSave.extensions.json	DEBUG	Starting write
1488100496068	DeferredSave.extensions.json	DEBUG	Write succeeded
1488186656275	addons.manager	INFO	Skipping background update check
1488186896296	DeferredSave.extensions.json	DEBUG	Save changes
1488186896297	DeferredSave.extensions.json	DEBUG	Starting timer
1488186896332	DeferredSave.extensions.json	DEBUG	Starting write
1488186896359	DeferredSave.extensions.json	DEBUG	Write succeeded
1488273056707	addons.manager	INFO	Skipping background update check
1488273296730	DeferredSave.extensions.json	DEBUG	Save changes
1488273296730	DeferredSave.extensions.json	DEBUG	Starting timer
1488273296761	DeferredSave.extensions.json	DEBUG	Starting write
1488273296794	DeferredSave.extensions.json	DEBUG	Write succeeded
1488359457366	addons.manager	INFO	Skipping background update check
1488359697411	DeferredSave.extensions.json	DEBUG	Save changes
1488359697412	DeferredSave.extensions.json	DEBUG	Starting timer
1488359697451	DeferredSave.extensions.json	DEBUG	Starting write
1488359697536	DeferredSave.extensions.json	DEBUG	Write succeeded
1488445859621	addons.manager	INFO	Skipping background update check
1488446099698	DeferredSave.extensions.json	DEBUG	Save changes
1488446099700	DeferredSave.extensions.json	DEBUG	Starting timer
1488446099890	DeferredSave.extensions.json	DEBUG	Starting write
1488446100020	DeferredSave.extensions.json	DEBUG	Write succeeded
