INFO:root:Getting driver for zipcode 44122.
INFO:root:Got driver for zipcode 44122.
INFO:root:Found 2688 listings in zipcode 44122.
INFO:root:Found 11 clusters in zipcode 44122.
INFO:root:Processing cluster 5 of 11 in zipcode 44122.
INFO:root:Found 33 subclusters in cluster 5 in zipcode 44122.
INFO:root:Subcluster 5.25 Chrome instance failed to load.
INFO:root:Subcluster 5.24 Chrome instance failed to load.
INFO:root:Subcluster 5.3 Chrome instance failed to load.
INFO:root:Subcluster 5.9 Chrome instance failed to load.
INFO:root:Subcluster 5.14 returned 14 of 14 (100.0%) listing urls.
INFO:root:Subcluster 5.15 returned 14 of 14 (100.0%) listing urls.
INFO:root:Subcluster 5.7 returned 75 of 75 (100.0%) listing urls.
INFO:root:Subcluster 5.20 returned 19 of 19 (100.0%) listing urls.
INFO:root:Subcluster 5.11 returned 26 of 26 (100.0%) listing urls.
INFO:root:Subcluster 5.22 returned 38 of 38 (100.0%) listing urls.
INFO:root:Subcluster 5.26 returned 98 of 98 (100.0%) listing urls.
INFO:root:Subcluster 5.33 returned 32 of 32 (100.0%) listing urls.
INFO:root:Subcluster 5.32 returned 51 of 51 (100.0%) listing urls.
INFO:root:Subcluster 5.28 returned 23 of 23 (100.0%) listing urls.
INFO:root:Subcluster 5.1 returned 31 of 31 (100.0%) listing urls.
INFO:root:Subcluster 5.2 could not be clicked.
INFO:root:Subcluster 5.5 returned 32 of 32 (100.0%) listing urls.
INFO:root:Subcluster 5.19 returned 19 of 19 (100.0%) listing urls.
INFO:root:Subcluster 5.13 returned 36 of 36 (100.0%) listing urls.
INFO:root:Subcluster 5.12 returned 35 of 35 (100.0%) listing urls.
INFO:root:Subcluster 5.29 returned 28 of 28 (100.0%) listing urls.
INFO:root:Subcluster 5.31 returned 10 of 10 (100.0%) listing urls.
INFO:root:Subcluster 5.10 returned 33 of 33 (100.0%) listing urls.
INFO:root:Subcluster 5.27 returned 32 of 32 (100.0%) listing urls.
INFO:root:Subcluster 5.21 returned 16 of 16 (100.0%) listing urls.
INFO:root:Subcluster 5.16 returned 42 of 42 (100.0%) listing urls.
INFO:root:Subcluster 5.8 returned 11 of 11 (100.0%) listing urls.
INFO:root:Subcluster 5.17 returned 12 of 12 (100.0%) listing urls.
INFO:root:Subcluster 5.30 returned 16 of 16 (100.0%) listing urls.
INFO:root:Subcluster 5.4 returned 29 of 29 (100.0%) listing urls.
INFO:root:No map detected at main cluster 5 for subcluster 23. Refreshing browser. Try #1
INFO:root:Subcluster 5.6 returned 26 of 26 (100.0%) listing urls.
INFO:root:Subcluster 5.18 returned 38 of 38 (100.0%) listing urls.
INFO:root:Found map after all at main cluster 5 for subcluster 23.
INFO:root:Subcluster 5.23 returned 30 of 30 (100.0%) listing urls.
INFO:root:499 of 406 unique listings (122.9%) in cluster 5 from zipcode 44122 were scraped.
INFO:root:5 of 33 subclusters in cluster 5 from zipcode 44122 were not clicked.
INFO:root:Back to main page for zipcode 44122.
INFO:root:499 of 2688 of unique listings (18.6%) from zipcode 44122 were scraped.
INFO:root:Took 232.004213095 seconds to process zipcode 44122.
