INFO:root:Getting driver for zipcode 44122.
INFO:root:Got driver for zipcode 44122.
INFO:root:Found 2688 listings in zipcode 44122.
INFO:root:Found 11 clusters in zipcode 44122.
INFO:root:Processing cluster 5 of 11 in zipcode 44122.
INFO:root:Found 34 subclusters in cluster 5 in zipcode 44122.
INFO:root:Subcluster 5.18 Chrome instance failed to load.
INFO:root:No map detected at main cluster 4. Refreshing browser. Try #1
INFO:root:No map detected at main cluster 4. Refreshing browser. Try #1
INFO:root:No map detected at main cluster 4. Refreshing browser. Try #1
INFO:root:No map detected at main cluster 4. Refreshing browser. Try #1
INFO:root:No map detected at main cluster 4. Refreshing browser. Try #1
INFO:root:No map detected at main cluster 4. Refreshing browser. Try #1
INFO:root:No map detected at main cluster 4. Refreshing browser. Try #1
INFO:root:No map detected at main cluster 4. Refreshing browser. Try #1
INFO:root:No map detected at main cluster 4. Refreshing browser. Try #1
INFO:root:No map detected at main cluster 4. Refreshing browser. Try #1
INFO:root:No map detected at main cluster 4. Refreshing browser. Try #1
INFO:root:No map detected at main cluster 4. Refreshing browser. Try #1
INFO:root:No map detected at main cluster 4. Refreshing browser. Try #1
INFO:root:No map detected at main cluster 4. Refreshing browser. Try #1
INFO:root:No map detected at main cluster 4. Refreshing browser. Try #1
INFO:root:No map detected at main cluster 4. Refreshing browser. Try #1
INFO:root:No map detected at main cluster 4. Refreshing browser. Try #1
INFO:root:No map detected at main cluster 4. Refreshing browser. Try #1
INFO:root:No map detected at main cluster 4. Refreshing browser. Try #1
INFO:root:No map detected at main cluster 4. Refreshing browser. Try #1
INFO:root:No map detected at main cluster 4. Refreshing browser. Try #1
INFO:root:No map detected at main cluster 4. Refreshing browser. Try #1
INFO:root:No map detected at main cluster 4. Refreshing browser. Try #1
INFO:root:No map detected at main cluster 4. Refreshing browser. Try #1
INFO:root:No map detected at main cluster 4. Refreshing browser. Try #1
INFO:root:No map detected at main cluster 4. Refreshing browser. Try #1
INFO:root:No map detected at main cluster 4. Refreshing browser. Try #2
INFO:root:No map detected at main cluster 4. Refreshing browser. Try #2
INFO:root:No map detected at main cluster 4. Refreshing browser. Try #1
INFO:root:No map detected at main cluster 4. Refreshing browser. Try #2
INFO:root:No map detected at main cluster 4. Refreshing browser. Try #2
INFO:root:Subcluster 5.1 timed out. Had to terminate.
INFO:root:No map detected at main cluster 4. Refreshing browser. Try #2
INFO:root:No map detected at main cluster 4. Refreshing browser. Try #2
INFO:root:No map detected at main cluster 4. Refreshing browser. Try #2
INFO:root:Could not load map at main cluster 4
INFO:root:Map was not clickable at main cluster 4: https://www.redfin.com/zipcode/44122/filter/include=sold-all,viewport=41.48796:41.47108:-81.51119:-81.53552
INFO:root:Subcluster 5.33 Chrome instance failed to load.
INFO:root:Subcluster 5.19 returned 19 of 19 (100.0%) listing urls.
INFO:root:No map detected at main cluster 4. Refreshing browser. Try #2
INFO:root:No map detected at main cluster 4. Refreshing browser. Try #2
INFO:root:No map detected at main cluster 4. Refreshing browser. Try #1
INFO:root:No map detected at main cluster 4. Refreshing browser. Try #2
INFO:root:No map detected at main cluster 4. Refreshing browser. Try #2
INFO:root:No map detected at main cluster 4. Refreshing browser. Try #2
INFO:root:Could not load map at main cluster 4
INFO:root:No rows detected at main cluster 4. Refreshing browser.
INFO:root:No map detected at main cluster 4. Refreshing browser. Try #2
INFO:root:Could not load map at main cluster 4
INFO:root:Map was not clickable at main cluster 4: https://www.redfin.com/zipcode/44122/filter/include=sold-all,viewport=41.48796:41.47108:-81.51119:-81.53552
INFO:root:Subcluster 5.26 returned 30 of 30 (100.0%) listing urls.
INFO:root:Subcluster 5.24 Chrome instance failed to load.
INFO:root:Subcluster 5.27 returned 25 of 25 (100.0%) listing urls.
INFO:root:Could not load map at main cluster 4
INFO:root:No rows detected at main cluster 4. Refreshing browser.
INFO:root:Could not load map at main cluster 4
INFO:root:Map was not clickable at main cluster 4: https://www.redfin.com/zipcode/44122/filter/include=sold-all,viewport=41.48796:41.47108:-81.51119:-81.53552
INFO:root:Subcluster 5.9 Chrome instance failed to load.
INFO:root:Could not load map at main cluster 4
INFO:root:No rows detected at main cluster 4. Refreshing browser.
INFO:root:Could not load map at main cluster 4
INFO:root:No rows detected at main cluster 4. Refreshing browser.
INFO:root:Could not load map at main cluster 4
INFO:root:No rows detected at main cluster 4. Refreshing browser.
INFO:root:No map detected at main cluster 4. Refreshing browser. Try #2
INFO:root:No map detected at main cluster 4. Refreshing browser. Try #2
INFO:root:Could not load map at main cluster 4
INFO:root:No rows detected at main cluster 4. Refreshing browser.
INFO:root:No map detected at main cluster 4. Refreshing browser. Try #2
INFO:root:No map detected at main cluster 4. Refreshing browser. Try #2
INFO:root:No map detected at main cluster 4. Refreshing browser. Try #1
INFO:root:No map detected at main cluster 4. Refreshing browser. Try #2
INFO:root:No map detected at main cluster 4. Refreshing browser. Try #2
INFO:root:No map detected at main cluster 4. Refreshing browser. Try #2
INFO:root:No map detected at main cluster 4. Refreshing browser. Try #2
INFO:root:Subcluster 5.11 returned 22 of 22 (100.0%) listing urls.
INFO:root:Could not load map at main cluster 4
INFO:root:Map was not clickable at main cluster 4: https://www.redfin.com/zipcode/44122/filter/include=sold-all,viewport=41.48796:41.47108:-81.51119:-81.53552
INFO:root:Subcluster 5.34 Chrome instance failed to load.
INFO:root:Could not load map at main cluster 4
INFO:root:No rows detected at main cluster 4. Refreshing browser.
INFO:root:Could not load map at main cluster 4
INFO:root:No rows detected at main cluster 4. Refreshing browser.
INFO:root:Map was not clickable at main cluster 4: https://www.redfin.com/zipcode/44122/filter/include=sold-all,viewport=41.48796:41.47108:-81.51119:-81.53552
INFO:root:Subcluster 5.4 Chrome instance failed to load.
INFO:root:Could not load map at main cluster 4
INFO:root:No rows detected at main cluster 4. Refreshing browser.
INFO:root:Could not load map at main cluster 4
INFO:root:Map was not clickable at main cluster 4: https://www.redfin.com/zipcode/44122/filter/include=sold-all,viewport=41.48796:41.47108:-81.51119:-81.53552
INFO:root:Subcluster 5.7 Chrome instance failed to load.
INFO:root:Map was not clickable at main cluster 4: https://www.redfin.com/zipcode/44122/filter/include=sold-all,viewport=41.48796:41.47108:-81.51119:-81.53552
INFO:root:Subcluster 5.32 Chrome instance failed to load.
INFO:root:Map was not clickable at main cluster 4: https://www.redfin.com/zipcode/44122/filter/include=sold-all,viewport=41.48796:41.47108:-81.51119:-81.53552
INFO:root:Subcluster 5.30 Chrome instance failed to load.
INFO:root:Could not load map at main cluster 4
INFO:root:No rows detected at main cluster 4. Refreshing browser.
INFO:root:Could not load map at main cluster 4
INFO:root:No rows detected at main cluster 4. Refreshing browser.
INFO:root:Map was not clickable at main cluster 4: https://www.redfin.com/zipcode/44122/filter/include=sold-all,viewport=41.48796:41.47108:-81.51119:-81.53552
INFO:root:Subcluster 5.25 Chrome instance failed to load.
INFO:root:Could not load map at main cluster 4
INFO:root:No rows detected at main cluster 4. Refreshing browser.
INFO:root:Map was not clickable at main cluster 4: https://www.redfin.com/zipcode/44122/filter/include=sold-all,viewport=41.48796:41.47108:-81.51119:-81.53552
INFO:root:Subcluster 5.31 Chrome instance failed to load.
INFO:root:Could not load map at main cluster 4
INFO:root:No rows detected at main cluster 4. Refreshing browser.
INFO:root:Could not load map at main cluster 4
INFO:root:Could not load map at main cluster 4
INFO:root:No rows detected at main cluster 4. Refreshing browser.
INFO:root:Map was not clickable at main cluster 4: https://www.redfin.com/zipcode/44122/filter/include=sold-all,viewport=41.48796:41.47108:-81.51119:-81.53552
INFO:root:Subcluster 5.13 Chrome instance failed to load.
INFO:root:No rows detected at main cluster 4. Refreshing browser.
INFO:root:Could not load map at main cluster 4
INFO:root:No rows detected at main cluster 4. Refreshing browser.
INFO:root:Could not load map at main cluster 4
INFO:root:No rows detected at main cluster 4. Refreshing browser.
INFO:root:Map was not clickable at main cluster 4: https://www.redfin.com/zipcode/44122/filter/include=sold-all,viewport=41.48796:41.47108:-81.51119:-81.53552
INFO:root:Subcluster 5.14 Chrome instance failed to load.
INFO:root:Could not load map at main cluster 4
INFO:root:No rows detected at main cluster 4. Refreshing browser.
INFO:root:Map was not clickable at main cluster 4: https://www.redfin.com/zipcode/44122/filter/include=sold-all,viewport=41.48796:41.47108:-81.51119:-81.53552
INFO:root:Subcluster 5.3 Chrome instance failed to load.
INFO:root:No map detected at main cluster 4. Refreshing browser. Try #2
INFO:root:Could not load map at main cluster 4
INFO:root:Map was not clickable at main cluster 4: https://www.redfin.com/zipcode/44122/filter/include=sold-all,viewport=41.48796:41.47108:-81.51119:-81.53552
INFO:root:Subcluster 5.28 Chrome instance failed to load.
INFO:root:Could not load map at main cluster 4
INFO:root:Could not load map at main cluster 4
INFO:root:Map was not clickable at main cluster 4: https://www.redfin.com/zipcode/44122/filter/include=sold-all,viewport=41.48796:41.47108:-81.51119:-81.53552
INFO:root:Subcluster 5.2 Chrome instance failed to load.
INFO:root:Map was not clickable at main cluster 4: https://www.redfin.com/zipcode/44122/filter/include=sold-all,viewport=41.48796:41.47108:-81.51119:-81.53552
INFO:root:Subcluster 5.8 Chrome instance failed to load.
INFO:root:Map was not clickable at main cluster 4: https://www.redfin.com/zipcode/44122/filter/include=sold-all,viewport=41.48796:41.47108:-81.51119:-81.53552
INFO:root:Subcluster 5.17 Chrome instance failed to load.
INFO:root:Map was not clickable at main cluster 4: https://www.redfin.com/zipcode/44122/filter/include=sold-all,viewport=41.48796:41.47108:-81.51119:-81.53552
INFO:root:Subcluster 5.20 Chrome instance failed to load.
INFO:root:Map was not clickable at main cluster 4: https://www.redfin.com/zipcode/44122/filter/include=sold-all,viewport=41.48796:41.47108:-81.51119:-81.53552
INFO:root:Subcluster 5.22 Chrome instance failed to load.
INFO:root:Map was not clickable at main cluster 4: https://www.redfin.com/zipcode/44122/filter/include=sold-all,viewport=41.48796:41.47108:-81.51119:-81.53552
INFO:root:Subcluster 5.29 Chrome instance failed to load.
INFO:root:Map was not clickable at main cluster 4: https://www.redfin.com/zipcode/44122/filter/include=sold-all,viewport=41.48796:41.47108:-81.51119:-81.53552
INFO:root:Subcluster 5.6 Chrome instance failed to load.
INFO:root:Map was not clickable at main cluster 4: https://www.redfin.com/zipcode/44122/filter/include=sold-all,viewport=41.48796:41.47108:-81.51119:-81.53552
INFO:root:Subcluster 5.21 Chrome instance failed to load.
INFO:root:Map was not clickable at main cluster 4: https://www.redfin.com/zipcode/44122/filter/include=sold-all,viewport=41.48796:41.47108:-81.51119:-81.53552
INFO:root:Subcluster 5.10 Chrome instance failed to load.
INFO:root:Map was not clickable at main cluster 4: https://www.redfin.com/zipcode/44122/filter/include=sold-all,viewport=41.48796:41.47108:-81.51119:-81.53552
INFO:root:Subcluster 5.23 Chrome instance failed to load.
INFO:root:Could not load map at main cluster 4
INFO:root:No rows detected at main cluster 4. Refreshing browser.
INFO:root:Could not load map at main cluster 4
INFO:root:Map was not clickable at main cluster 4: https://www.redfin.com/zipcode/44122/filter/include=sold-all,viewport=41.48796:41.47108:-81.51119:-81.53552
INFO:root:Subcluster 5.16 Chrome instance failed to load.
INFO:root:Map was not clickable at main cluster 4: https://www.redfin.com/zipcode/44122/filter/include=sold-all,viewport=41.48796:41.47108:-81.51119:-81.53552
INFO:root:Subcluster 5.5 Chrome instance failed to load.
INFO:root:Map was not clickable at main cluster 4: https://www.redfin.com/zipcode/44122/filter/include=sold-all,viewport=41.48796:41.47108:-81.51119:-81.53552
INFO:root:Subcluster 5.15 Chrome instance failed to load.
INFO:root:Map was not clickable at main cluster 4: https://www.redfin.com/zipcode/44122/filter/include=sold-all,viewport=41.48796:41.47108:-81.51119:-81.53552
INFO:root:Subcluster 5.12 Chrome instance failed to load.
