INFO:root:Getting driver for zipcode 44122.
INFO:root:Got driver for zipcode 44122.
INFO:root:Found 2688 listings in zipcode 44122.
INFO:root:Found 11 clusters in zipcode 44122.
INFO:root:Processing cluster 1 of 11 in zipcode 44122.
INFO:root:Cluster 1 from zipcode 44122 could not be clicked.
INFO:root:Processing cluster 2 of 11 in zipcode 44122.
INFO:root:Found 21 subclusters in cluster 2 in zipcode 44122.
INFO:root:Subcluster 2.1 Chrome instance failed to load.
INFO:root:Subcluster 2.3 Chrome instance failed to load.
INFO:root:Subcluster 2.2 Chrome instance failed to load.
INFO:root:Subcluster 2.5 Chrome instance failed to load.
INFO:root:Subcluster 2.4 Chrome instance failed to load.
INFO:root:Subcluster 2.6 Chrome instance failed to load.
INFO:root:Subcluster 2.7 Chrome instance failed to load.
INFO:root:Subcluster 2.8 Chrome instance failed to load.
INFO:root:Subcluster 2.9 Chrome instance failed to load.
INFO:root:Subcluster 2.11 Chrome instance failed to load.
INFO:root:Subcluster 2.10 Chrome instance failed to load.
INFO:root:Subcluster 2.12 Chrome instance failed to load.
INFO:root:Subcluster 2.13 Chrome instance failed to load.
INFO:root:Subcluster 2.14 Chrome instance failed to load.
INFO:root:Subcluster 2.15 Chrome instance failed to load.
INFO:root:Subcluster 2.16 Chrome instance failed to load.
INFO:root:Subcluster 2.17 Chrome instance failed to load.
INFO:root:Subcluster 2.18 Chrome instance failed to load.
INFO:root:Subcluster 2.19 Chrome instance failed to load.
INFO:root:Subcluster 2.20 Chrome instance failed to load.
INFO:root:Subcluster 2.21 Chrome instance failed to load.
INFO:root:0 of 924 unique listings (0.0%) in cluster 2 from zipcode 44122 were scraped.
INFO:root:21 of 21 subclusters in cluster 2 from zipcode 44122 were not clicked.
INFO:root:Back to main page for zipcode 44122.
INFO:root:Processing cluster 3 of 11 in zipcode 44122.
INFO:root:287 of 287 unique listings (100.0%) in cluster 3 from zipcode 44122 were scraped.
INFO:root:Back to main page for zipcode 44122.
INFO:root:No map detected at 3. Refreshing browser. Try #1
INFO:root:Could not load map at 3
INFO:root:Processing cluster 4 of 11 in zipcode 44122.
INFO:root:Found 28 subclusters in cluster 4 in zipcode 44122.
INFO:root:Subcluster 4.1 Chrome instance failed to load.
INFO:root:Subcluster 4.2 Chrome instance failed to load.
INFO:root:Subcluster 4.3 Chrome instance failed to load.
INFO:root:Subcluster 4.4 Chrome instance failed to load.
INFO:root:Subcluster 4.5 Chrome instance failed to load.
INFO:root:Subcluster 4.6 Chrome instance failed to load.
INFO:root:Subcluster 4.7 Chrome instance failed to load.
INFO:root:Subcluster 4.8 Chrome instance failed to load.
INFO:root:Subcluster 4.10 Chrome instance failed to load.
INFO:root:Subcluster 4.9 Chrome instance failed to load.
INFO:root:Subcluster 4.11 Chrome instance failed to load.
INFO:root:Subcluster 4.12 Chrome instance failed to load.
INFO:root:Subcluster 4.13 Chrome instance failed to load.
INFO:root:Subcluster 4.14 Chrome instance failed to load.
INFO:root:Subcluster 4.15 Chrome instance failed to load.
INFO:root:Subcluster 4.16 Chrome instance failed to load.
INFO:root:Subcluster 4.17 Chrome instance failed to load.
INFO:root:Subcluster 4.18 Chrome instance failed to load.
INFO:root:Subcluster 4.19 Chrome instance failed to load.
INFO:root:Subcluster 4.20 Chrome instance failed to load.
INFO:root:Subcluster 4.21 Chrome instance failed to load.
INFO:root:Subcluster 4.22 Chrome instance failed to load.
INFO:root:Subcluster 4.23 Chrome instance failed to load.
INFO:root:Subcluster 4.24 Chrome instance failed to load.
INFO:root:Subcluster 4.26 Chrome instance failed to load.
INFO:root:Subcluster 4.27 Chrome instance failed to load.
INFO:root:Subcluster 4.25 Chrome instance failed to load.
INFO:root:Subcluster 4.28 Chrome instance failed to load.
INFO:root:0 of 455 unique listings (0.0%) in cluster 4 from zipcode 44122 were scraped.
INFO:root:28 of 28 subclusters in cluster 4 from zipcode 44122 were not clicked.
INFO:root:Back to main page for zipcode 44122.
INFO:root:Processing cluster 5 of 11 in zipcode 44122.
INFO:root:Found 30 subclusters in cluster 5 in zipcode 44122.
INFO:root:Subcluster 5.1 Chrome instance failed to load.
INFO:root:Subcluster 5.2 Chrome instance failed to load.
INFO:root:Subcluster 5.3 Chrome instance failed to load.
INFO:root:Subcluster 5.4 Chrome instance failed to load.
INFO:root:Subcluster 5.5 Chrome instance failed to load.
INFO:root:Subcluster 5.6 Chrome instance failed to load.
INFO:root:Subcluster 5.7 Chrome instance failed to load.
INFO:root:Subcluster 5.8 Chrome instance failed to load.
INFO:root:Subcluster 5.9 Chrome instance failed to load.
INFO:root:Subcluster 5.10 Chrome instance failed to load.
INFO:root:Subcluster 5.11 Chrome instance failed to load.
INFO:root:Subcluster 5.12 Chrome instance failed to load.
INFO:root:Subcluster 5.13 Chrome instance failed to load.
INFO:root:Subcluster 5.14 Chrome instance failed to load.
INFO:root:Subcluster 5.15 Chrome instance failed to load.
INFO:root:Subcluster 5.16 Chrome instance failed to load.
INFO:root:Subcluster 5.17 Chrome instance failed to load.
INFO:root:Subcluster 5.18 Chrome instance failed to load.
INFO:root:Subcluster 5.19 Chrome instance failed to load.
INFO:root:Subcluster 5.20 Chrome instance failed to load.
INFO:root:Subcluster 5.22 Chrome instance failed to load.
INFO:root:Subcluster 5.23 Chrome instance failed to load.
INFO:root:Subcluster 5.21 Chrome instance failed to load.
INFO:root:Subcluster 5.24 Chrome instance failed to load.
INFO:root:Subcluster 5.25 Chrome instance failed to load.
INFO:root:Subcluster 5.26 Chrome instance failed to load.
INFO:root:Subcluster 5.27 Chrome instance failed to load.
INFO:root:Subcluster 5.28 Chrome instance failed to load.
INFO:root:Subcluster 5.29 Chrome instance failed to load.
INFO:root:Subcluster 5.30 Chrome instance failed to load.
INFO:root:0 of 390 unique listings (0.0%) in cluster 5 from zipcode 44122 were scraped.
INFO:root:30 of 30 subclusters in cluster 5 from zipcode 44122 were not clicked.
INFO:root:Back to main page for zipcode 44122.
INFO:root:Processing cluster 6 of 11 in zipcode 44122.
INFO:root:Found 35 subclusters in cluster 6 in zipcode 44122.
INFO:root:Subcluster 6.1 Chrome instance failed to load.
INFO:root:Subcluster 6.2 Chrome instance failed to load.
INFO:root:Subcluster 6.4 Chrome instance failed to load.
INFO:root:Subcluster 6.3 Chrome instance failed to load.
INFO:root:Subcluster 6.5 Chrome instance failed to load.
INFO:root:Subcluster 6.6 Chrome instance failed to load.
INFO:root:Subcluster 6.7 Chrome instance failed to load.
INFO:root:Subcluster 6.9 Chrome instance failed to load.
INFO:root:Subcluster 6.8 Chrome instance failed to load.
INFO:root:Subcluster 6.10 Chrome instance failed to load.
INFO:root:Subcluster 6.11 Chrome instance failed to load.
INFO:root:Subcluster 6.12 Chrome instance failed to load.
INFO:root:Subcluster 6.13 Chrome instance failed to load.
INFO:root:Subcluster 6.14 Chrome instance failed to load.
INFO:root:Subcluster 6.15 Chrome instance failed to load.
INFO:root:Subcluster 6.16 Chrome instance failed to load.
INFO:root:Subcluster 6.17 Chrome instance failed to load.
INFO:root:Subcluster 6.18 Chrome instance failed to load.
INFO:root:Subcluster 6.19 Chrome instance failed to load.
INFO:root:Subcluster 6.20 Chrome instance failed to load.
INFO:root:Subcluster 6.21 Chrome instance failed to load.
INFO:root:Subcluster 6.22 Chrome instance failed to load.
INFO:root:Subcluster 6.23 Chrome instance failed to load.
INFO:root:Subcluster 6.24 Chrome instance failed to load.
INFO:root:Subcluster 6.25 Chrome instance failed to load.
INFO:root:Subcluster 6.26 Chrome instance failed to load.
INFO:root:Subcluster 6.27 Chrome instance failed to load.
INFO:root:Subcluster 6.28 Chrome instance failed to load.
INFO:root:Subcluster 6.29 Chrome instance failed to load.
INFO:root:Subcluster 6.30 Chrome instance failed to load.
INFO:root:Subcluster 6.31 Chrome instance failed to load.
INFO:root:Subcluster 6.32 Chrome instance failed to load.
INFO:root:Subcluster 6.33 Chrome instance failed to load.
INFO:root:Subcluster 6.34 Chrome instance failed to load.
INFO:root:Subcluster 6.35 Chrome instance failed to load.
INFO:root:0 of 940 unique listings (0.0%) in cluster 6 from zipcode 44122 were scraped.
INFO:root:35 of 35 subclusters in cluster 6 from zipcode 44122 were not clicked.
INFO:root:Back to main page for zipcode 44122.
INFO:root:Processing cluster 7 of 11 in zipcode 44122.
INFO:root:Found 28 subclusters in cluster 7 in zipcode 44122.
INFO:root:Subcluster 7.1 Chrome instance failed to load.
INFO:root:Subcluster 7.2 Chrome instance failed to load.
INFO:root:Subcluster 7.3 Chrome instance failed to load.
INFO:root:Subcluster 7.4 Chrome instance failed to load.
INFO:root:Subcluster 7.5 Chrome instance failed to load.
INFO:root:Subcluster 7.6 Chrome instance failed to load.
INFO:root:Subcluster 7.7 Chrome instance failed to load.
INFO:root:Subcluster 7.8 Chrome instance failed to load.
INFO:root:Subcluster 7.9 Chrome instance failed to load.
INFO:root:Subcluster 7.10 Chrome instance failed to load.
INFO:root:Subcluster 7.11 Chrome instance failed to load.
INFO:root:Subcluster 7.12 Chrome instance failed to load.
INFO:root:Subcluster 7.13 Chrome instance failed to load.
INFO:root:Subcluster 7.14 Chrome instance failed to load.
INFO:root:Subcluster 7.15 Chrome instance failed to load.
INFO:root:Subcluster 7.16 Chrome instance failed to load.
INFO:root:Subcluster 7.18 Chrome instance failed to load.
INFO:root:Subcluster 7.17 Chrome instance failed to load.
INFO:root:Subcluster 7.20 Chrome instance failed to load.
INFO:root:Subcluster 7.19 Chrome instance failed to load.
INFO:root:Subcluster 7.21 Chrome instance failed to load.
INFO:root:Subcluster 7.22 Chrome instance failed to load.
INFO:root:Subcluster 7.23 Chrome instance failed to load.
INFO:root:Subcluster 7.24 Chrome instance failed to load.
INFO:root:Subcluster 7.25 Chrome instance failed to load.
INFO:root:Subcluster 7.26 Chrome instance failed to load.
INFO:root:Subcluster 7.27 Chrome instance failed to load.
INFO:root:Subcluster 7.28 Chrome instance failed to load.
INFO:root:0 of 2645 unique listings (0.0%) in cluster 7 from zipcode 44122 were scraped.
INFO:root:28 of 28 subclusters in cluster 7 from zipcode 44122 were not clicked.
INFO:root:Back to main page for zipcode 44122.
INFO:root:Processing cluster 8 of 11 in zipcode 44122.
INFO:root:258 of 258 unique listings (100.0%) in cluster 8 from zipcode 44122 were scraped.
INFO:root:Back to main page for zipcode 44122.
INFO:root:Processing cluster 9 of 11 in zipcode 44122.
INFO:root:297 of 297 unique listings (100.0%) in cluster 9 from zipcode 44122 were scraped.
INFO:root:Back to main page for zipcode 44122.
INFO:root:Processing cluster 10 of 11 in zipcode 44122.
INFO:root:148 of 148 unique listings (100.0%) in cluster 10 from zipcode 44122 were scraped.
INFO:root:Back to main page for zipcode 44122.
INFO:root:Processing cluster 11 of 11 in zipcode 44122.
INFO:root:133 of 134 unique listings (99.3%) in cluster 11 from zipcode 44122 were scraped.
INFO:root:Back to main page for zipcode 44122.
