INFO:root:Getting driver for zipcode 44122.
INFO:root:Got driver for zipcode 44122.
INFO:root:Found 2688 listings in zipcode 44122.
INFO:root:Found 11 clusters in zipcode 44122.
INFO:root:Processing cluster 1 of 11 in zipcode 44122.
INFO:root:Cluster 1 from zipcode 44122 could not be clicked.
INFO:root:Processing cluster 2 of 11 in zipcode 44122.
INFO:root:Found 23 subclusters in cluster 2 in zipcode 44122.
INFO:root:No map detected at main cluster 1. Refreshing browser. Try #1
INFO:root:No map detected at main cluster 1. Refreshing browser. Try #1
INFO:root:No map detected at main cluster 1. Refreshing browser. Try #1
INFO:root:No map detected at main cluster 1. Refreshing browser. Try #1
INFO:root:No map detected at main cluster 1. Refreshing browser. Try #1
INFO:root:No map detected at main cluster 1. Refreshing browser. Try #1
INFO:root:No map detected at main cluster 1. Refreshing browser. Try #1
INFO:root:No map detected at main cluster 1. Refreshing browser. Try #1
INFO:root:No map detected at main cluster 1. Refreshing browser. Try #1
INFO:root:No map detected at main cluster 1. Refreshing browser. Try #2
INFO:root:No map detected at main cluster 1. Refreshing browser. Try #1
INFO:root:No map detected at main cluster 1. Refreshing browser. Try #1
INFO:root:No map detected at main cluster 1. Refreshing browser. Try #2
INFO:root:No map detected at main cluster 1. Refreshing browser. Try #1
INFO:root:No map detected at main cluster 1. Refreshing browser. Try #1
INFO:root:No map detected at main cluster 1. Refreshing browser. Try #1
INFO:root:No map detected at main cluster 1. Refreshing browser. Try #1
INFO:root:No map detected at main cluster 1. Refreshing browser. Try #3
INFO:root:No map detected at main cluster 1. Refreshing browser. Try #2
INFO:root:No map detected at main cluster 1. Refreshing browser. Try #2
INFO:root:No map detected at main cluster 1. Refreshing browser. Try #1
INFO:root:No map detected at main cluster 1. Refreshing browser. Try #1
INFO:root:No map detected at main cluster 1. Refreshing browser. Try #2
INFO:root:No map detected at main cluster 1. Refreshing browser. Try #1
INFO:root:No map detected at main cluster 1. Refreshing browser. Try #2
INFO:root:No map detected at main cluster 1. Refreshing browser. Try #2
INFO:root:Subcluster 2.12 could not be clicked.
INFO:root:No map detected at main cluster 1. Refreshing browser. Try #3
INFO:root:Could not load map at main cluster 1
INFO:root:No rows detected at main cluster 1. Refreshing browser.
INFO:root:No map detected at main cluster 1. Refreshing browser. Try #2
INFO:root:Subcluster 2.1 timed out. Had to terminate.
INFO:root:Subcluster 2.13 returned 67 of 67 (100.0%) listing urls.
INFO:root:Could not load map at main cluster 1
INFO:root:Map was not clickable at main cluster 1: https://www.redfin.com/zipcode/44122/filter/include=sold-all,viewport=41.46875:41.43497:-81.51877:-81.56743
INFO:root:Subcluster 2.19 Chrome instance failed to load.
INFO:root:Timed out waiting for progress bar to finish at 2.9. Refreshing browser.
INFO:root:Could not load map at main cluster 1
INFO:root:No rows detected at main cluster 1. Refreshing browser.
INFO:root:Map was not clickable at main cluster 1: https://www.redfin.com/zipcode/44122/filter/include=sold-all,viewport=41.46875:41.43497:-81.51877:-81.56743
INFO:root:Subcluster 2.7 Chrome instance failed to load.
INFO:root:Could not load map at main cluster 1
INFO:root:Could not load map at main cluster 1
INFO:root:Map was not clickable at main cluster 1: https://www.redfin.com/zipcode/44122/filter/include=sold-all,viewport=41.46875:41.43497:-81.51877:-81.56743
INFO:root:No rows detected at main cluster 1. Refreshing browser.
INFO:root:Subcluster 2.23 Chrome instance failed to load.
INFO:root:Could not load map at main cluster 1
INFO:root:No rows detected at main cluster 1. Refreshing browser.
INFO:root:Could not load map at main cluster 1
INFO:root:No rows detected at main cluster 1. Refreshing browser.
INFO:root:Could not load map at main cluster 1
INFO:root:No rows detected at main cluster 1. Refreshing browser.
INFO:root:No map detected at main cluster 1. Refreshing browser. Try #2
INFO:root:No map detected at main cluster 1. Refreshing browser. Try #2
INFO:root:Could not load map at main cluster 1
INFO:root:Map was not clickable at main cluster 1: https://www.redfin.com/zipcode/44122/filter/include=sold-all,viewport=41.46875:41.43497:-81.51877:-81.56743
INFO:root:Subcluster 2.2 Chrome instance failed to load.
INFO:root:Found map after all at main cluster 1.
INFO:root:No map detected at main cluster 1. Refreshing browser. Try #2
INFO:root:No map detected at main cluster 1. Refreshing browser. Try #2
INFO:root:Map was not clickable at main cluster 1: https://www.redfin.com/zipcode/44122/filter/include=sold-all,viewport=41.46875:41.43497:-81.51877:-81.56743
INFO:root:Subcluster 2.6 Chrome instance failed to load.
INFO:root:Map was not clickable at main cluster 1: https://www.redfin.com/zipcode/44122/filter/include=sold-all,viewport=41.46875:41.43497:-81.51877:-81.56743
INFO:root:Subcluster 2.3 Chrome instance failed to load.
INFO:root:Subcluster 2.10 returned 67 of 67 (100.0%) listing urls.
INFO:root:Subcluster 2.16 returned 77 of 77 (100.0%) listing urls.
INFO:root:Map was not clickable at main cluster 1: https://www.redfin.com/zipcode/44122/filter/include=sold-all,viewport=41.46875:41.43497:-81.51877:-81.56743
INFO:root:Subcluster 2.4 Chrome instance failed to load.
INFO:root:Map was not clickable at main cluster 1: https://www.redfin.com/zipcode/44122/filter/include=sold-all,viewport=41.46875:41.43497:-81.51877:-81.56743
INFO:root:Subcluster 2.11 Chrome instance failed to load.
INFO:root:Could not load map at main cluster 1
INFO:root:Could not load map at main cluster 1
INFO:root:Map was not clickable at main cluster 1: https://www.redfin.com/zipcode/44122/filter/include=sold-all,viewport=41.46875:41.43497:-81.51877:-81.56743
INFO:root:Subcluster 2.22 Chrome instance failed to load.
INFO:root:Map was not clickable at main cluster 1: https://www.redfin.com/zipcode/44122/filter/include=sold-all,viewport=41.46875:41.43497:-81.51877:-81.56743
INFO:root:Subcluster 2.20 Chrome instance failed to load.
INFO:root:Could not load map at main cluster 1
INFO:root:No rows detected at main cluster 1. Refreshing browser.
INFO:root:Could not load map at main cluster 1
INFO:root:Could not load map at main cluster 1
INFO:root:No rows detected at main cluster 1. Refreshing browser.
INFO:root:No rows detected at main cluster 1. Refreshing browser.
INFO:root:Could not load map at main cluster 1
INFO:root:No rows detected at main cluster 1. Refreshing browser.
INFO:root:Could not load map at main cluster 1
INFO:root:No rows detected at main cluster 1. Refreshing browser.
INFO:root:Map was not clickable at main cluster 1: https://www.redfin.com/zipcode/44122/filter/include=sold-all,viewport=41.46875:41.43497:-81.51877:-81.56743
INFO:root:Subcluster 2.21 Chrome instance failed to load.
INFO:root:Map was not clickable at main cluster 1: https://www.redfin.com/zipcode/44122/filter/include=sold-all,viewport=41.46875:41.43497:-81.51877:-81.56743
INFO:root:Subcluster 2.5 Chrome instance failed to load.
INFO:root:Map was not clickable at main cluster 1: https://www.redfin.com/zipcode/44122/filter/include=sold-all,viewport=41.46875:41.43497:-81.51877:-81.56743
INFO:root:Subcluster 2.8 Chrome instance failed to load.
INFO:root:Map was not clickable at main cluster 1: https://www.redfin.com/zipcode/44122/filter/include=sold-all,viewport=41.46875:41.43497:-81.51877:-81.56743
INFO:root:Subcluster 2.17 Chrome instance failed to load.
INFO:root:Map was not clickable at main cluster 1: https://www.redfin.com/zipcode/44122/filter/include=sold-all,viewport=41.46875:41.43497:-81.51877:-81.56743
INFO:root:Subcluster 2.14 Chrome instance failed to load.
INFO:root:Map was not clickable at main cluster 1: https://www.redfin.com/zipcode/44122/filter/include=sold-all,viewport=41.46875:41.43497:-81.51877:-81.56743
INFO:root:Subcluster 2.18 Chrome instance failed to load.
