INFO:root:Getting driver for zipcode 44122.
INFO:root:Got driver for zipcode 44122.
INFO:root:Found 2688 listings in zipcode 44122.
INFO:root:Found 11 clusters in zipcode 44122.
INFO:root:Processing cluster 1 of 11 in zipcode 44122.
INFO:root:Cluster 1 from zipcode 44122 could not be clicked.
INFO:root:Processing cluster 2 of 11 in zipcode 44122.
INFO:root:Found 23 subclusters in cluster 2 in zipcode 44122.
INFO:root:Subcluster 2.1 returned 18 of 18 (100.0%) listing urls.
INFO:root:18 of 966 unique listings (1.9%) in cluster 2 from zipcode 44122 were scraped.
INFO:root:Back to main page for zipcode 44122.
INFO:root:Processing cluster 3 of 11 in zipcode 44122.
INFO:root:302 of 302 unique listings (100.0%) in cluster 3 from zipcode 44122 were scraped.
INFO:root:Back to main page for zipcode 44122.
INFO:root:Processing cluster 4 of 11 in zipcode 44122.
INFO:root:Timed out waiting for progress bar to finish at 4. Refreshing browser.
INFO:root:Cluster 4 from zipcode 44122 could not be clicked.
INFO:root:Processing cluster 5 of 11 in zipcode 44122.
INFO:root:Cluster 5 from zipcode 44122 could not be clicked.
INFO:root:Processing cluster 6 of 11 in zipcode 44122.
INFO:root:Cluster 6 from zipcode 44122 could not be clicked.
INFO:root:Processing cluster 7 of 11 in zipcode 44122.
INFO:root:Cluster 7 from zipcode 44122 could not be clicked.
INFO:root:Processing cluster 8 of 11 in zipcode 44122.
INFO:root:Cluster 8 from zipcode 44122 could not be clicked.
INFO:root:Processing cluster 9 of 11 in zipcode 44122.
INFO:root:Cluster 9 from zipcode 44122 could not be clicked.
INFO:root:Processing cluster 10 of 11 in zipcode 44122.
INFO:root:Cluster 10 from zipcode 44122 could not be clicked.
INFO:root:Processing cluster 11 of 11 in zipcode 44122.
INFO:root:Cluster 11 from zipcode 44122 could not be clicked.
INFO:root:320 of 2688 of unique listings (11.9%) from zipcode 44122 were scraped.
INFO:root:Took 397.123346806 seconds to process zipcode 44122.
