INFO:root:Getting driver for zipcode 94609.
INFO:root:Got driver for zipcode 94609.
INFO:root:Found 3423 listings in zipcode 94609.
INFO:root:Found 12 clusters in zipcode 94609.
INFO:root:Processing cluster 1 of 12 in zipcode 94609.
INFO:root:Found 25 subclusters in cluster 1 in zipcode 94609.
INFO:root:Subcluster 1.25 Chrome instance failed to load.
INFO:root:Subcluster 1.1 timed out. Had to terminate.
INFO:root:No map detected at https://www.redfin.com/zipcode/94609/filter/include=sold-all,viewport=37.82655:37.81765:-122.26522:-122.27738. Refreshing browser. Try #1
INFO:root:No map detected at https://www.redfin.com/zipcode/94609/filter/include=sold-all,viewport=37.82655:37.81765:-122.26522:-122.27738. Refreshing browser. Try #1
INFO:root:No map detected at https://www.redfin.com/zipcode/94609/filter/include=sold-all,viewport=37.82655:37.81765:-122.26522:-122.27738. Refreshing browser. Try #1
INFO:root:No map detected at https://www.redfin.com/zipcode/94609/filter/include=sold-all,viewport=37.82655:37.81765:-122.26522:-122.27738. Refreshing browser. Try #1
INFO:root:No map detected at https://www.redfin.com/zipcode/94609/filter/include=sold-all,viewport=37.82655:37.81765:-122.26522:-122.27738. Refreshing browser. Try #1
INFO:root:No map detected at https://www.redfin.com/zipcode/94609/filter/include=sold-all,viewport=37.82655:37.81765:-122.26522:-122.27738. Refreshing browser. Try #1
INFO:root:No map detected at https://www.redfin.com/zipcode/94609/filter/include=sold-all,viewport=37.82655:37.81765:-122.26522:-122.27738. Refreshing browser. Try #1
INFO:root:Subcluster 1.2 timed out. Had to terminate.
INFO:root:No map detected at https://www.redfin.com/zipcode/94609/filter/include=sold-all,viewport=37.82655:37.81765:-122.26522:-122.27738. Refreshing browser. Try #1
INFO:root:No map detected at https://www.redfin.com/zipcode/94609/filter/include=sold-all,viewport=37.82655:37.81765:-122.26522:-122.27738. Refreshing browser. Try #1
INFO:root:No map detected at https://www.redfin.com/zipcode/94609/filter/include=sold-all,viewport=37.82655:37.81765:-122.26522:-122.27738. Refreshing browser. Try #1
INFO:root:No map detected at https://www.redfin.com/zipcode/94609/filter/include=sold-all,viewport=37.82655:37.81765:-122.26522:-122.27738. Refreshing browser. Try #1
INFO:root:No map detected at https://www.redfin.com/zipcode/94609/filter/include=sold-all,viewport=37.82655:37.81765:-122.26522:-122.27738. Refreshing browser. Try #1
INFO:root:No map detected at https://www.redfin.com/zipcode/94609/filter/include=sold-all,viewport=37.82655:37.81765:-122.26522:-122.27738. Refreshing browser. Try #1
INFO:root:No map detected at https://www.redfin.com/zipcode/94609/filter/include=sold-all,viewport=37.82655:37.81765:-122.26522:-122.27738. Refreshing browser. Try #1
INFO:root:No map detected at https://www.redfin.com/zipcode/94609/filter/include=sold-all,viewport=37.82655:37.81765:-122.26522:-122.27738. Refreshing browser. Try #2
INFO:root:No map detected at https://www.redfin.com/zipcode/94609/filter/include=sold-all,viewport=37.82655:37.81765:-122.26522:-122.27738. Refreshing browser. Try #2
INFO:root:No map detected at https://www.redfin.com/zipcode/94609/filter/include=sold-all,viewport=37.82655:37.81765:-122.26522:-122.27738. Refreshing browser. Try #1
INFO:root:Subcluster 1.16 returned 27 of 27 (100.0%) listing urls.
INFO:root:No map detected at https://www.redfin.com/zipcode/94609/filter/include=sold-all,viewport=37.82655:37.81765:-122.26522:-122.27738. Refreshing browser. Try #1
INFO:root:Subcluster 1.4 Chrome instance failed to load.
INFO:root:No map detected at https://www.redfin.com/zipcode/94609/filter/include=sold-all,viewport=37.82655:37.81765:-122.26522:-122.27738. Refreshing browser. Try #2
INFO:root:No map detected at https://www.redfin.com/zipcode/94609/filter/include=sold-all,viewport=37.82655:37.81765:-122.26522:-122.27738. Refreshing browser. Try #2
INFO:root:Subcluster 1.3 timed out. Had to terminate.
INFO:root:No map detected at https://www.redfin.com/zipcode/94609/filter/include=sold-all,viewport=37.82655:37.81765:-122.26522:-122.27738. Refreshing browser. Try #2
INFO:root:No map detected at https://www.redfin.com/zipcode/94609/filter/include=sold-all,viewport=37.82655:37.81765:-122.26522:-122.27738. Refreshing browser. Try #2
INFO:root:No map detected at https://www.redfin.com/zipcode/94609/filter/include=sold-all,viewport=37.82655:37.81765:-122.26522:-122.27738. Refreshing browser. Try #2
INFO:root:No map detected at https://www.redfin.com/zipcode/94609/filter/include=sold-all,viewport=37.82655:37.81765:-122.26522:-122.27738. Refreshing browser. Try #2
INFO:root:No map detected at https://www.redfin.com/zipcode/94609/filter/include=sold-all,viewport=37.82655:37.81765:-122.26522:-122.27738. Refreshing browser. Try #1
INFO:root:No map detected at https://www.redfin.com/zipcode/94609/filter/include=sold-all,viewport=37.82655:37.81765:-122.26522:-122.27738. Refreshing browser. Try #2
INFO:root:No map detected at https://www.redfin.com/zipcode/94609/filter/include=sold-all,viewport=37.82655:37.81765:-122.26522:-122.27738. Refreshing browser. Try #3
INFO:root:Subcluster 1.19 returned 14 of 14 (100.0%) listing urls.
INFO:root:Could not load map at https://www.redfin.com/zipcode/94609/filter/include=sold-all,viewport=37.82655:37.81765:-122.26522:-122.27738
INFO:root:No rows detected at https://www.redfin.com/zipcode/94609/filter/include=sold-all,viewport=37.82655:37.81765:-122.26522:-122.27738. Refreshing browser.
INFO:root:No map detected at https://www.redfin.com/zipcode/94609/filter/include=sold-all,viewport=37.82655:37.81765:-122.26522:-122.27738. Refreshing browser. Try #2
INFO:root:Subcluster 1.5 Chrome instance failed to load.
INFO:root:Could not load map at https://www.redfin.com/zipcode/94609/filter/include=sold-all,viewport=37.82655:37.81765:-122.26522:-122.27738
INFO:root:Could not load map at https://www.redfin.com/zipcode/94609/filter/include=sold-all,viewport=37.82655:37.81765:-122.26522:-122.27738
INFO:root:Subcluster 1.18 Chrome instance failed to load.
INFO:root:Subcluster 1.11 Chrome instance failed to load.
INFO:root:Could not load map at https://www.redfin.com/zipcode/94609/filter/include=sold-all,viewport=37.82655:37.81765:-122.26522:-122.27738
INFO:root:No rows detected at https://www.redfin.com/zipcode/94609/filter/include=sold-all,viewport=37.82655:37.81765:-122.26522:-122.27738. Refreshing browser.
INFO:root:No map detected at https://www.redfin.com/zipcode/94609/filter/include=sold-all,viewport=37.82655:37.81765:-122.26522:-122.27738. Refreshing browser. Try #3
INFO:root:No map detected at https://www.redfin.com/zipcode/94609/filter/include=sold-all,viewport=37.82655:37.81765:-122.26522:-122.27738. Refreshing browser. Try #2
INFO:root:Could not load map at https://www.redfin.com/zipcode/94609/filter/include=sold-all,viewport=37.82655:37.81765:-122.26522:-122.27738
INFO:root:Subcluster 1.24 Chrome instance failed to load.
INFO:root:Could not load map at https://www.redfin.com/zipcode/94609/filter/include=sold-all,viewport=37.82655:37.81765:-122.26522:-122.27738
INFO:root:No rows detected at https://www.redfin.com/zipcode/94609/filter/include=sold-all,viewport=37.82655:37.81765:-122.26522:-122.27738. Refreshing browser.
INFO:root:Could not load map at https://www.redfin.com/zipcode/94609/filter/include=sold-all,viewport=37.82655:37.81765:-122.26522:-122.27738
INFO:root:Subcluster 1.9 Chrome instance failed to load.
INFO:root:Subcluster 1.17 returned 16 of 16 (100.0%) listing urls.
INFO:root:Subcluster 1.6 timed out. Had to terminate.
INFO:root:Could not load map at https://www.redfin.com/zipcode/94609/filter/include=sold-all,viewport=37.82655:37.81765:-122.26522:-122.27738
INFO:root:No rows detected at https://www.redfin.com/zipcode/94609/filter/include=sold-all,viewport=37.82655:37.81765:-122.26522:-122.27738. Refreshing browser.
INFO:root:Subcluster 1.14 Chrome instance failed to load.
INFO:root:Could not load map at https://www.redfin.com/zipcode/94609/filter/include=sold-all,viewport=37.82655:37.81765:-122.26522:-122.27738
INFO:root:No rows detected at https://www.redfin.com/zipcode/94609/filter/include=sold-all,viewport=37.82655:37.81765:-122.26522:-122.27738. Refreshing browser.
INFO:root:Could not load map at https://www.redfin.com/zipcode/94609/filter/include=sold-all,viewport=37.82655:37.81765:-122.26522:-122.27738
INFO:root:No rows detected at https://www.redfin.com/zipcode/94609/filter/include=sold-all,viewport=37.82655:37.81765:-122.26522:-122.27738. Refreshing browser.
INFO:root:Could not load map at https://www.redfin.com/zipcode/94609/filter/include=sold-all,viewport=37.82655:37.81765:-122.26522:-122.27738
INFO:root:Subcluster 1.8 Chrome instance failed to load.
INFO:root:Could not load map at https://www.redfin.com/zipcode/94609/filter/include=sold-all,viewport=37.82655:37.81765:-122.26522:-122.27738
INFO:root:Subcluster 1.10 Chrome instance failed to load.
INFO:root:Could not load map at https://www.redfin.com/zipcode/94609/filter/include=sold-all,viewport=37.82655:37.81765:-122.26522:-122.27738
INFO:root:No rows detected at https://www.redfin.com/zipcode/94609/filter/include=sold-all,viewport=37.82655:37.81765:-122.26522:-122.27738. Refreshing browser.
INFO:root:Subcluster 1.7 timed out. Had to terminate.
INFO:root:Could not load map at https://www.redfin.com/zipcode/94609/filter/include=sold-all,viewport=37.82655:37.81765:-122.26522:-122.27738
INFO:root:Subcluster 1.21 Chrome instance failed to load.
INFO:root:Subcluster 1.12 timed out. Had to terminate.
INFO:root:Subcluster 1.20 Chrome instance failed to load.
INFO:root:Subcluster 1.15 Chrome instance failed to load.
INFO:root:Subcluster 1.23 Chrome instance failed to load.
INFO:root:Subcluster 1.22 Chrome instance failed to load.
