INFO:root:Getting driver for zipcode 44122.
INFO:root:Got driver for zipcode 44122.
INFO:root:Found 2676 listings in zipcode 44122.
INFO:root:Found 12 clusters in zipcode 44122.
INFO:root:Processing cluster 1 of 12 in zipcode 44122.
INFO:root:Cluster 1 from zipcode 44122 could not be clicked.
INFO:root:Processing cluster 2 of 12 in zipcode 44122.
INFO:root:Found 22 subclusters in cluster 2 in zipcode 44122.
INFO:root:Subcluster 2.1 Chrome instance failed to load.
INFO:root:Subcluster 2.2 Chrome instance failed to load.
INFO:root:Subcluster 2.3 Chrome instance failed to load.
INFO:root:Subcluster 2.4 Chrome instance failed to load.
INFO:root:Subcluster 2.5 Chrome instance failed to load.
INFO:root:Subcluster 2.6 Chrome instance failed to load.
INFO:root:Subcluster 2.7 Chrome instance failed to load.
INFO:root:Subcluster 2.8 Chrome instance failed to load.
INFO:root:Subcluster 2.9 Chrome instance failed to load.
INFO:root:Subcluster 2.10 Chrome instance failed to load.
INFO:root:Subcluster 2.11 Chrome instance failed to load.
INFO:root:Subcluster 2.12 Chrome instance failed to load.
INFO:root:Subcluster 2.13 Chrome instance failed to load.
INFO:root:Subcluster 2.14 Chrome instance failed to load.
INFO:root:Subcluster 2.15 Chrome instance failed to load.
INFO:root:Subcluster 2.16 Chrome instance failed to load.
INFO:root:Subcluster 2.17 Chrome instance failed to load.
INFO:root:Subcluster 2.18 Chrome instance failed to load.
INFO:root:Subcluster 2.19 Chrome instance failed to load.
INFO:root:Subcluster 2.20 Chrome instance failed to load.
INFO:root:Subcluster 2.21 Chrome instance failed to load.
INFO:root:Subcluster 2.22 Chrome instance failed to load.
INFO:root:0 of 921 unique listings (0.0%) in cluster 2 from zipcode 44122 were scraped.
INFO:root:22 of 22 subclusters in cluster 2 from zipcode 44122 were not clicked.
INFO:root:Back to main page for zipcode 44122.
INFO:root:Processing cluster 3 of 12 in zipcode 44122.
INFO:root:Cluster 3 from zipcode 44122 could not be clicked.
INFO:root:Processing cluster 4 of 12 in zipcode 44122.
INFO:root:Found 28 subclusters in cluster 4 in zipcode 44122.
INFO:root:Subcluster 4.2 Chrome instance failed to load.
INFO:root:Subcluster 4.1 Chrome instance failed to load.
INFO:root:Subcluster 4.3 Chrome instance failed to load.
INFO:root:Subcluster 4.4 Chrome instance failed to load.
INFO:root:Subcluster 4.5 Chrome instance failed to load.
INFO:root:Subcluster 4.6 Chrome instance failed to load.
INFO:root:Subcluster 4.7 Chrome instance failed to load.
INFO:root:Subcluster 4.8 Chrome instance failed to load.
INFO:root:Subcluster 4.9 Chrome instance failed to load.
INFO:root:Subcluster 4.10 Chrome instance failed to load.
INFO:root:Subcluster 4.12 Chrome instance failed to load.
INFO:root:Subcluster 4.11 Chrome instance failed to load.
INFO:root:Subcluster 4.13 Chrome instance failed to load.
INFO:root:Subcluster 4.14 Chrome instance failed to load.
INFO:root:Subcluster 4.15 Chrome instance failed to load.
INFO:root:Subcluster 4.16 Chrome instance failed to load.
INFO:root:Subcluster 4.17 Chrome instance failed to load.
INFO:root:Subcluster 4.18 Chrome instance failed to load.
INFO:root:Subcluster 4.20 Chrome instance failed to load.
INFO:root:Subcluster 4.19 Chrome instance failed to load.
INFO:root:Subcluster 4.21 Chrome instance failed to load.
INFO:root:Subcluster 4.22 Chrome instance failed to load.
INFO:root:Subcluster 4.23 Chrome instance failed to load.
INFO:root:Subcluster 4.24 Chrome instance failed to load.
INFO:root:Subcluster 4.25 Chrome instance failed to load.
INFO:root:Subcluster 4.27 Chrome instance failed to load.
INFO:root:Subcluster 4.28 Chrome instance failed to load.
INFO:root:Subcluster 4.26 Chrome instance failed to load.
INFO:root:0 of 455 unique listings (0.0%) in cluster 4 from zipcode 44122 were scraped.
INFO:root:28 of 28 subclusters in cluster 4 from zipcode 44122 were not clicked.
INFO:root:Back to main page for zipcode 44122.
INFO:root:Processing cluster 5 of 12 in zipcode 44122.
INFO:root:Cluster 5 from zipcode 44122 could not be clicked.
INFO:root:Processing cluster 6 of 12 in zipcode 44122.
INFO:root:Timed out waiting for progress bar to finish at 6. Refreshing browser.
INFO:root:No rows detected at 6. Refreshing browser.
INFO:root:Cluster 6 from zipcode 44122 could not be clicked.
INFO:root:Processing cluster 7 of 12 in zipcode 44122.
INFO:root:Cluster 7 from zipcode 44122 could not be clicked.
INFO:root:Processing cluster 8 of 12 in zipcode 44122.
INFO:root:Cluster 8 from zipcode 44122 could not be clicked.
INFO:root:Processing cluster 9 of 12 in zipcode 44122.
INFO:root:Cluster 9 from zipcode 44122 could not be clicked.
INFO:root:Processing cluster 10 of 12 in zipcode 44122.
INFO:root:Cluster 10 from zipcode 44122 could not be clicked.
INFO:root:Processing cluster 11 of 12 in zipcode 44122.
INFO:root:Cluster 11 from zipcode 44122 could not be clicked.
INFO:root:Processing cluster 12 of 12 in zipcode 44122.
INFO:root:Cluster 12 from zipcode 44122 could not be clicked.
