INFO:root:Found 12 clusters in zipcode 44122.
INFO:root:Processing cluster 1 of 12 in zipcode 44122.
INFO:root:Cluster 1 from zipcode 44122 could not be clicked.
INFO:root:Processing cluster 2 of 12 in zipcode 44122.
INFO:root:Cluster 2 from zipcode 44122 could not be clicked.
INFO:root:Processing cluster 3 of 12 in zipcode 44122.
INFO:root:Found 24 subclusters in cluster 3 in zipcode 44122.
INFO:root:Subcluster 3.1 Chrome instance failed to load.
INFO:root:Subcluster 3.2 Chrome instance failed to load.
INFO:root:Subcluster 3.3 Chrome instance failed to load.
INFO:root:Subcluster 3.4 Chrome instance failed to load.
INFO:root:Subcluster 3.6 Chrome instance failed to load.
INFO:root:Subcluster 3.5 Chrome instance failed to load.
INFO:root:Subcluster 3.7 Chrome instance failed to load.
INFO:root:Subcluster 3.8 Chrome instance failed to load.
INFO:root:Subcluster 3.11 Chrome instance failed to load.
INFO:root:Subcluster 3.12 Chrome instance failed to load.
INFO:root:Subcluster 3.10 Chrome instance failed to load.
INFO:root:Subcluster 3.9 Chrome instance failed to load.
INFO:root:Subcluster 3.13 Chrome instance failed to load.
INFO:root:Subcluster 3.14 Chrome instance failed to load.
INFO:root:Subcluster 3.15 Chrome instance failed to load.
INFO:root:Subcluster 3.16 Chrome instance failed to load.
INFO:root:Subcluster 3.17 Chrome instance failed to load.
INFO:root:Subcluster 3.18 Chrome instance failed to load.
INFO:root:Subcluster 3.19 Chrome instance failed to load.
INFO:root:Subcluster 3.21 Chrome instance failed to load.
INFO:root:Subcluster 3.20 Chrome instance failed to load.
INFO:root:Subcluster 3.22 Chrome instance failed to load.
INFO:root:Subcluster 3.23 Chrome instance failed to load.
INFO:root:Subcluster 3.24 Chrome instance failed to load.
INFO:root:0 of 975 unique listings (0.0%) in cluster 3 from zipcode 44122 were scraped.
INFO:root:24 of 24 subclusters in cluster 3 from zipcode 44122 were not clicked.
INFO:root:Back to main page for zipcode 44122.
INFO:root:Processing cluster 4 of 12 in zipcode 44122.
INFO:root:Cluster 4 from zipcode 44122 could not be clicked.
INFO:root:Processing cluster 5 of 12 in zipcode 44122.
INFO:root:Found 29 subclusters in cluster 5 in zipcode 44122.
INFO:root:Subcluster 5.1 Chrome instance failed to load.
INFO:root:Subcluster 5.2 Chrome instance failed to load.
INFO:root:Subcluster 5.3 Chrome instance failed to load.
INFO:root:Subcluster 5.4 Chrome instance failed to load.
INFO:root:Subcluster 5.5 Chrome instance failed to load.
INFO:root:Subcluster 5.7 Chrome instance failed to load.
INFO:root:Subcluster 5.6 Chrome instance failed to load.
INFO:root:Subcluster 5.8 Chrome instance failed to load.
INFO:root:Subcluster 5.10 Chrome instance failed to load.
INFO:root:Subcluster 5.9 Chrome instance failed to load.
INFO:root:Subcluster 5.11 Chrome instance failed to load.
INFO:root:Subcluster 5.12 Chrome instance failed to load.
INFO:root:Subcluster 5.13 Chrome instance failed to load.
INFO:root:Subcluster 5.14 Chrome instance failed to load.
INFO:root:Subcluster 5.15 Chrome instance failed to load.
INFO:root:Subcluster 5.16 Chrome instance failed to load.
INFO:root:Subcluster 5.17 Chrome instance failed to load.
INFO:root:Subcluster 5.18 Chrome instance failed to load.
INFO:root:Subcluster 5.19 Chrome instance failed to load.
INFO:root:Subcluster 5.20 Chrome instance failed to load.
INFO:root:Subcluster 5.21 Chrome instance failed to load.
INFO:root:Subcluster 5.23 Chrome instance failed to load.
INFO:root:Subcluster 5.24 Chrome instance failed to load.
INFO:root:Subcluster 5.25 Chrome instance failed to load.
INFO:root:Subcluster 5.22 Chrome instance failed to load.
INFO:root:Subcluster 5.26 Chrome instance failed to load.
INFO:root:Subcluster 5.27 Chrome instance failed to load.
INFO:root:Subcluster 5.28 Chrome instance failed to load.
INFO:root:Subcluster 5.29 Chrome instance failed to load.
INFO:root:0 of 466 unique listings (0.0%) in cluster 5 from zipcode 44122 were scraped.
INFO:root:29 of 29 subclusters in cluster 5 from zipcode 44122 were not clicked.
INFO:root:Back to main page for zipcode 44122.
INFO:root:Processing cluster 6 of 12 in zipcode 44122.
INFO:root:Cluster 6 from zipcode 44122 could not be clicked.
INFO:root:Processing cluster 7 of 12 in zipcode 44122.
INFO:root:273 of 273 unique listings (100.0%) in cluster 7 from zipcode 44122 were scraped.
INFO:root:Back to main page for zipcode 44122.
