INFO:root:Getting driver for zipcode 44122.
INFO:root:Got driver for zipcode 44122.
INFO:root:Found 2688 listings in zipcode 44122.
INFO:root:Found 11 clusters in zipcode 44122.
INFO:root:Processing cluster 5 of 11 in zipcode 44122.
INFO:root:Found 34 subclusters in cluster 5 in zipcode 44122.
INFO:root:No map detected at main cluster 5. Refreshing browser. Try #1
INFO:root:No map detected at main cluster 5. Refreshing browser. Try #1
INFO:root:No map detected at main cluster 5. Refreshing browser. Try #1
INFO:root:No map detected at main cluster 5. Refreshing browser. Try #1
INFO:root:No map detected at main cluster 5. Refreshing browser. Try #1
INFO:root:No map detected at main cluster 5. Refreshing browser. Try #1
INFO:root:No map detected at main cluster 5. Refreshing browser. Try #1
INFO:root:No map detected at main cluster 5. Refreshing browser. Try #1
INFO:root:No map detected at main cluster 5. Refreshing browser. Try #1
INFO:root:No map detected at main cluster 5. Refreshing browser. Try #1
INFO:root:No map detected at main cluster 5. Refreshing browser. Try #1
INFO:root:No map detected at main cluster 5. Refreshing browser. Try #1
INFO:root:No map detected at main cluster 5. Refreshing browser. Try #1
INFO:root:Subcluster 5.1 timed out. Had to terminate.
INFO:root:No map detected at main cluster 5. Refreshing browser. Try #2
INFO:root:No map detected at main cluster 5. Refreshing browser. Try #1
INFO:root:No map detected at main cluster 5. Refreshing browser. Try #1
INFO:root:No map detected at main cluster 5. Refreshing browser. Try #1
INFO:root:No map detected at main cluster 5. Refreshing browser. Try #1
INFO:root:No map detected at main cluster 5. Refreshing browser. Try #2
INFO:root:No map detected at main cluster 5. Refreshing browser. Try #2
INFO:root:No map detected at main cluster 5. Refreshing browser. Try #2
INFO:root:No map detected at main cluster 5. Refreshing browser. Try #2
INFO:root:No map detected at main cluster 5. Refreshing browser. Try #2
INFO:root:No map detected at main cluster 5. Refreshing browser. Try #2
INFO:root:No map detected at main cluster 5. Refreshing browser. Try #2
INFO:root:No map detected at main cluster 5. Refreshing browser. Try #2
INFO:root:No map detected at main cluster 5. Refreshing browser. Try #2
INFO:root:No map detected at main cluster 5. Refreshing browser. Try #1
INFO:root:No map detected at main cluster 5. Refreshing browser. Try #2
INFO:root:No map detected at main cluster 5. Refreshing browser. Try #2
INFO:root:No map detected at main cluster 5. Refreshing browser. Try #3
INFO:root:No map detected at main cluster 5. Refreshing browser. Try #1
INFO:root:No map detected at main cluster 5. Refreshing browser. Try #1
INFO:root:Subcluster 5.30 could not be clicked.
INFO:root:No map detected at main cluster 5. Refreshing browser. Try #1
INFO:root:No map detected at main cluster 5. Refreshing browser. Try #1
INFO:root:Subcluster 5.26 could not be clicked.
INFO:root:No map detected at main cluster 5. Refreshing browser. Try #2
INFO:root:Subcluster 5.9 could not be clicked.
INFO:root:Could not load map at main cluster 5
INFO:root:No rows detected at main cluster 5. Refreshing browser.
INFO:root:Could not load map at main cluster 5
INFO:root:No rows detected at main cluster 5. Refreshing browser.
INFO:root:Could not load map at main cluster 5
INFO:root:No rows detected at main cluster 5. Refreshing browser.
INFO:root:No map detected at main cluster 5. Refreshing browser. Try #1
INFO:root:Subcluster 5.15 could not be clicked.
INFO:root:Could not load map at main cluster 5
INFO:root:No rows detected at main cluster 5. Refreshing browser.
INFO:root:No map detected at main cluster 5. Refreshing browser. Try #2
INFO:root:Subcluster 5.16 could not be clicked.
INFO:root:Could not load map at main cluster 5
INFO:root:Map was not clickable at main cluster 5: https://www.redfin.com/zipcode/44122/filter/include=sold-all,viewport=41.48796:41.47108:-81.51119:-81.53552
INFO:root:Subcluster 5.5 Chrome instance failed to load.
INFO:root:Subcluster 5.4 could not be clicked.
INFO:root:Could not load map at main cluster 5
INFO:root:Map was not clickable at main cluster 5: https://www.redfin.com/zipcode/44122/filter/include=sold-all,viewport=41.48796:41.47108:-81.51119:-81.53552
INFO:root:Subcluster 5.23 Chrome instance failed to load.
INFO:root:Could not load map at main cluster 5
INFO:root:Could not load map at main cluster 5
INFO:root:No rows detected at main cluster 5. Refreshing browser.
INFO:root:No rows detected at main cluster 5. Refreshing browser.
INFO:root:Could not load map at main cluster 5
INFO:root:Could not load map at main cluster 5
INFO:root:Could not load map at main cluster 5
INFO:root:Could not load map at main cluster 5
INFO:root:Could not load map at main cluster 5
INFO:root:No rows detected at main cluster 5. Refreshing browser.
INFO:root:No rows detected at main cluster 5. Refreshing browser.
INFO:root:No rows detected at main cluster 5. Refreshing browser.
INFO:root:No rows detected at main cluster 5. Refreshing browser.
INFO:root:No rows detected at main cluster 5. Refreshing browser.
INFO:root:Subcluster 5.34 could not be clicked.
INFO:root:No map detected at main cluster 5. Refreshing browser. Try #2
INFO:root:No map detected at main cluster 5. Refreshing browser. Try #2
INFO:root:No map detected at main cluster 5. Refreshing browser. Try #2
INFO:root:Subcluster 5.25 could not be clicked.
INFO:root:Map was not clickable at main cluster 5: https://www.redfin.com/zipcode/44122/filter/include=sold-all,viewport=41.48796:41.47108:-81.51119:-81.53552
INFO:root:Subcluster 5.8 Chrome instance failed to load.
INFO:root:Map was not clickable at main cluster 5: https://www.redfin.com/zipcode/44122/filter/include=sold-all,viewport=41.48796:41.47108:-81.51119:-81.53552
INFO:root:Subcluster 5.7 Chrome instance failed to load.
INFO:root:Map was not clickable at main cluster 5: https://www.redfin.com/zipcode/44122/filter/include=sold-all,viewport=41.48796:41.47108:-81.51119:-81.53552
INFO:root:Subcluster 5.32 Chrome instance failed to load.
INFO:root:Map was not clickable at main cluster 5: https://www.redfin.com/zipcode/44122/filter/include=sold-all,viewport=41.48796:41.47108:-81.51119:-81.53552
INFO:root:Subcluster 5.19 Chrome instance failed to load.
INFO:root:Could not load map at main cluster 5
INFO:root:Map was not clickable at main cluster 5: https://www.redfin.com/zipcode/44122/filter/include=sold-all,viewport=41.48796:41.47108:-81.51119:-81.53552
INFO:root:Subcluster 5.14 Chrome instance failed to load.
INFO:root:Could not load map at main cluster 5
INFO:root:Map was not clickable at main cluster 5: https://www.redfin.com/zipcode/44122/filter/include=sold-all,viewport=41.48796:41.47108:-81.51119:-81.53552
INFO:root:Subcluster 5.33 Chrome instance failed to load.
INFO:root:Map was not clickable at main cluster 5: https://www.redfin.com/zipcode/44122/filter/include=sold-all,viewport=41.48796:41.47108:-81.51119:-81.53552
INFO:root:Could not load map at main cluster 5
INFO:root:Subcluster 5.13 Chrome instance failed to load.
INFO:root:No map detected at main cluster 5. Refreshing browser. Try #2
INFO:root:Map was not clickable at main cluster 5: https://www.redfin.com/zipcode/44122/filter/include=sold-all,viewport=41.48796:41.47108:-81.51119:-81.53552
INFO:root:Map was not clickable at main cluster 5: https://www.redfin.com/zipcode/44122/filter/include=sold-all,viewport=41.48796:41.47108:-81.51119:-81.53552
INFO:root:Map was not clickable at main cluster 5: https://www.redfin.com/zipcode/44122/filter/include=sold-all,viewport=41.48796:41.47108:-81.51119:-81.53552
INFO:root:Map was not clickable at main cluster 5: https://www.redfin.com/zipcode/44122/filter/include=sold-all,viewport=41.48796:41.47108:-81.51119:-81.53552
INFO:root:Subcluster 5.18 Chrome instance failed to load.
INFO:root:Subcluster 5.27 Chrome instance failed to load.
INFO:root:Subcluster 5.11 Chrome instance failed to load.
INFO:root:Subcluster 5.21 Chrome instance failed to load.
INFO:root:Map was not clickable at main cluster 5: https://www.redfin.com/zipcode/44122/filter/include=sold-all,viewport=41.48796:41.47108:-81.51119:-81.53552
INFO:root:Map was not clickable at main cluster 5: https://www.redfin.com/zipcode/44122/filter/include=sold-all,viewport=41.48796:41.47108:-81.51119:-81.53552
INFO:root:Subcluster 5.24 Chrome instance failed to load.
INFO:root:Subcluster 5.6 Chrome instance failed to load.
INFO:root:Map was not clickable at main cluster 5: https://www.redfin.com/zipcode/44122/filter/include=sold-all,viewport=41.48796:41.47108:-81.51119:-81.53552
INFO:root:Subcluster 5.17 Chrome instance failed to load.
INFO:root:Could not load map at main cluster 5
INFO:root:No rows detected at main cluster 5. Refreshing browser.
INFO:root:No map detected at main cluster 5. Refreshing browser. Try #2
INFO:root:Subcluster 5.31 Chrome instance failed to load.
INFO:root:Subcluster 5.29 Chrome instance failed to load.
INFO:root:Subcluster 5.28 Chrome instance failed to load.
INFO:root:Subcluster 5.20 Chrome instance failed to load.
INFO:root:Could not navigate to url for main cluster 5: https://www.redfin.com/zipcode/44122/filter/include=sold-all,viewport=41.48796:41.47108:-81.51119:-81.53552
INFO:root:Subcluster 5.10 Chrome instance failed to load.
INFO:root:Subcluster 5.3 Chrome instance failed to load.
INFO:root:Subcluster 5.2 Chrome instance failed to load.
INFO:root:Subcluster 5.12 Chrome instance failed to load.
