INFO:root:Getting driver for zipcode 94609.
INFO:root:Got driver for zipcode 94609.
INFO:root:Found 3423 listings in zipcode 94609.
INFO:root:Found 12 clusters in zipcode 94609.
INFO:root:Processing cluster 1 of 12 in zipcode 94609.
INFO:root:Found 27 subclusters in cluster 1 in zipcode 94609.
INFO:root:Subcluster 1.2 Chrome instance failed to load.
INFO:root:Subcluster 1.1 Chrome instance failed to load.
INFO:root:Subcluster 1.3 Chrome instance failed to load.
INFO:root:Subcluster 1.4 Chrome instance failed to load.
INFO:root:Subcluster 1.5 Chrome instance failed to load.
INFO:root:Subcluster 1.6 Chrome instance failed to load.
INFO:root:Subcluster 1.8 Chrome instance failed to load.
INFO:root:Subcluster 1.7 Chrome instance failed to load.
INFO:root:Subcluster 1.9 Chrome instance failed to load.
INFO:root:Subcluster 1.10 Chrome instance failed to load.
INFO:root:Subcluster 1.11 Chrome instance failed to load.
INFO:root:Subcluster 1.12 Chrome instance failed to load.
INFO:root:Subcluster 1.13 Chrome instance failed to load.
INFO:root:Subcluster 1.14 Chrome instance failed to load.
INFO:root:Subcluster 1.15 Chrome instance failed to load.
INFO:root:Subcluster 1.16 Chrome instance failed to load.
INFO:root:Subcluster 1.17 Chrome instance failed to load.
INFO:root:Subcluster 1.18 Chrome instance failed to load.
INFO:root:Subcluster 1.19 Chrome instance failed to load.
INFO:root:Subcluster 1.20 Chrome instance failed to load.
INFO:root:Subcluster 1.21 Chrome instance failed to load.
INFO:root:Subcluster 1.22 Chrome instance failed to load.
INFO:root:Subcluster 1.23 Chrome instance failed to load.
INFO:root:Subcluster 1.24 Chrome instance failed to load.
INFO:root:Subcluster 1.25 Chrome instance failed to load.
INFO:root:Subcluster 1.26 Chrome instance failed to load.
INFO:root:Subcluster 1.27 Chrome instance failed to load.
INFO:root:0 of 926 unique listings (0.0%) in cluster 1 from zipcode 94609 were scraped.
INFO:root:27 of 27 subclusters in cluster 1 from zipcode 94609 were not clicked.
INFO:root:Back to main page for zipcode 94609.
